<?xml version="1.0" encoding="UTF-8"?>
<!-- Generated by org.testng.reporters.JUnitXMLReporter -->
<testsuite ignored="0" hostname="LAPTOP-AJK53DAC" failures="1" tests="14" name="TutorialsNinja Test Cases" time="109.211" errors="0" timestamp="2024-03-23T23:57:56 IST">
  <testcase classname="com.TutorialsNinja.qa.TestCases.RegisterTest" name="verifyRegisteringAnAccountWithMandatoryFields" time="2.063"/>
  <testcase classname="com.TutorialsNinja.qa.TestCases.RegisterTest" name="verifyRegisteringAnAccountWithAllFields" time="1.409"/>
  <testcase classname="com.TutorialsNinja.qa.TestCases.RegisterTest" name="verifyRegisteringAnAccountWithExistingEmailAddress" time="0.901"/>
  <testcase classname="com.TutorialsNinja.qa.TestCases.RegisterTest" name="RegisteringAnAccountWithoutFillingAnyDetails" time="0.635"/>
  <testcase classname="com.TutorialsNinja.qa.TestCases.LoginTest" name="verifyLoginWithValidCredentials" time="1.095"/>
  <testcase classname="com.TutorialsNinja.qa.TestCases.LoginTest" name="verifyLoginWithValidCredentials" time="1.544"/>
  <testcase classname="com.TutorialsNinja.qa.TestCases.LoginTest" name="verifyLoginWithValidCredentials" time="1.184"/>
  <testcase classname="com.TutorialsNinja.qa.TestCases.LoginTest" name="verifyLoginWithInValidCredentials" time="0.869"/>
  <testcase classname="com.TutorialsNinja.qa.TestCases.LoginTest" name="verifyLoginWithInValidEmailAndValidPassword" time="1.238"/>
  <testcase classname="com.TutorialsNinja.qa.TestCases.LoginTest" name="verifyLoginWithValidEmailAndInValidPassword" time="1.604"/>
  <testcase classname="com.TutorialsNinja.qa.TestCases.LoginTest" name="verifyLoginWithoutProvidingCredentials" time="1.672"/>
  <testcase classname="com.TutorialsNinja.qa.TestCases.SearchTest" name="verifySearchWithValidProduct" time="3.092"/>
  <testcase classname="com.TutorialsNinja.qa.TestCases.SearchTest" name="verifySearchWithInvalidProduct" time="0.382">
    <failure type="java.lang.AssertionError" message="No Product Message in Search Result is not displayed expected [abcd] but found [There is no product that matches the search criteria.]">
      <![CDATA[java.lang.AssertionError: No Product Message in Search Result is not displayed expected [abcd] but found [There is no product that matches the search criteria.]
at com.TutorialsNinja.qa.TestCases.SearchTest.verifySearchWithInvalidProduct(SearchTest.java:43)
at java.base/java.util.ArrayList.forEach(ArrayList.java:1596)
... Removed 34 stack frames]]>
    </failure>
  </testcase> <!-- verifySearchWithInvalidProduct -->
  <testcase classname="com.TutorialsNinja.qa.TestCases.SearchTest" name="verifySearchWithoutAnyProduct" time="0.0">
    <skipped/>
  </testcase> <!-- verifySearchWithoutAnyProduct -->
</testsuite> <!-- TutorialsNinja Test Cases -->
